{"total": {"lines":{"total":459,"covered":369,"skipped":0,"pct":80.39},"statements":{"total":512,"covered":397,"skipped":0,"pct":77.53},"functions":{"total":189,"covered":137,"skipped":0,"pct":72.48},"branches":{"total":370,"covered":271,"skipped":0,"pct":73.24},"branchesTrue":{"total":0,"covered":0,"skipped":0,"pct":100}}
,"/Users/akatragadda/Documents/GitHub/AstraNotes296/frontend/src/App.jsx": {"lines":{"total":1,"covered":0,"skipped":0,"pct":0},"functions":{"total":1,"covered":0,"skipped":0,"pct":0},"statements":{"total":1,"covered":0,"skipped":0,"pct":0},"branches":{"total":0,"covered":0,"skipped":0,"pct":100}}
,"/Users/akatragadda/Documents/GitHub/AstraNotes296/frontend/src/components/AppShell.jsx": {"lines":{"total":4,"covered":4,"skipped":0,"pct":100},"functions":{"total":3,"covered":3,"skipped":0,"pct":100},"statements":{"total":4,"covered":4,"skipped":0,"pct":100},"branches":{"total":0,"covered":0,"skipped":0,"pct":100}}
,"/Users/akatragadda/Documents/GitHub/AstraNotes296/frontend/src/components/EmptyEditorPane.jsx": {"lines":{"total":3,"covered":2,"skipped":0,"pct":66.66},"functions":{"total":2,"covered":1,"skipped":0,"pct":50},"statements":{"total":3,"covered":2,"skipped":0,"pct":66.66},"branches":{"total":0,"covered":0,"skipped":0,"pct":100}}
,"/Users/akatragadda/Documents/GitHub/AstraNotes296/frontend/src/components/MarkdownPreview.jsx": {"lines":{"total":23,"covered":21,"skipped":0,"pct":91.3},"functions":{"total":20,"covered":18,"skipped":0,"pct":90},"statements":{"total":23,"covered":21,"skipped":0,"pct":91.3},"branches":{"total":4,"covered":4,"skipped":0,"pct":100}}
,"/Users/akatragadda/Documents/GitHub/AstraNotes296/frontend/src/components/NotesLayout.jsx": {"lines":{"total":3,"covered":3,"skipped":0,"pct":100},"functions":{"total":1,"covered":1,"skipped":0,"pct":100},"statements":{"total":3,"covered":3,"skipped":0,"pct":100},"branches":{"total":6,"covered":4,"skipped":0,"pct":66.66}}
,"/Users/akatragadda/Documents/GitHub/AstraNotes296/frontend/src/components/Sidebar.jsx": {"lines":{"total":31,"covered":20,"skipped":0,"pct":64.51},"functions":{"total":19,"covered":8,"skipped":0,"pct":42.1},"statements":{"total":31,"covered":20,"skipped":0,"pct":64.51},"branches":{"total":22,"covered":18,"skipped":0,"pct":81.81}}
,"/Users/akatragadda/Documents/GitHub/AstraNotes296/frontend/src/components/TagChip.jsx": {"lines":{"total":5,"covered":4,"skipped":0,"pct":80},"functions":{"total":3,"covered":2,"skipped":0,"pct":66.66},"statements":{"total":7,"covered":5,"skipped":0,"pct":71.42},"branches":{"total":17,"covered":9,"skipped":0,"pct":52.94}}
,"/Users/akatragadda/Documents/GitHub/AstraNotes296/frontend/src/components/TagEditor.jsx": {"lines":{"total":34,"covered":32,"skipped":0,"pct":94.11},"functions":{"total":18,"covered":15,"skipped":0,"pct":83.33},"statements":{"total":40,"covered":37,"skipped":0,"pct":92.5},"branches":{"total":32,"covered":29,"skipped":0,"pct":90.62}}
,"/Users/akatragadda/Documents/GitHub/AstraNotes296/frontend/src/components/ThemeProvider.jsx": {"lines":{"total":18,"covered":17,"skipped":0,"pct":94.44},"functions":{"total":6,"covered":5,"skipped":0,"pct":83.33},"statements":{"total":19,"covered":17,"skipped":0,"pct":89.47},"branches":{"total":9,"covered":8,"skipped":0,"pct":88.88}}
,"/Users/akatragadda/Documents/GitHub/AstraNotes296/frontend/src/components/ThemeToggle.jsx": {"lines":{"total":8,"covered":8,"skipped":0,"pct":100},"functions":{"total":2,"covered":2,"skipped":0,"pct":100},"statements":{"total":8,"covered":8,"skipped":0,"pct":100},"branches":{"total":2,"covered":1,"skipped":0,"pct":50}}
,"/Users/akatragadda/Documents/GitHub/AstraNotes296/frontend/src/components/VersionHistoryPanel.jsx": {"lines":{"total":45,"covered":36,"skipped":0,"pct":80},"functions":{"total":14,"covered":12,"skipped":0,"pct":85.71},"statements":{"total":52,"covered":39,"skipped":0,"pct":75},"branches":{"total":47,"covered":29,"skipped":0,"pct":61.7}}
,"/Users/akatragadda/Documents/GitHub/AstraNotes296/frontend/src/components/VoiceRecorder.jsx": {"lines":{"total":49,"covered":46,"skipped":0,"pct":93.87},"functions":{"total":13,"covered":10,"skipped":0,"pct":76.92},"statements":{"total":55,"covered":49,"skipped":0,"pct":89.09},"branches":{"total":19,"covered":14,"skipped":0,"pct":73.68}}
,"/Users/akatragadda/Documents/GitHub/AstraNotes296/frontend/src/pages/NoteEditor.jsx": {"lines":{"total":61,"covered":44,"skipped":0,"pct":72.13},"functions":{"total":22,"covered":13,"skipped":0,"pct":59.09},"statements":{"total":66,"covered":47,"skipped":0,"pct":71.21},"branches":{"total":52,"covered":39,"skipped":0,"pct":75}}
,"/Users/akatragadda/Documents/GitHub/AstraNotes296/frontend/src/pages/NoteList.jsx": {"lines":{"total":59,"covered":46,"skipped":0,"pct":77.96},"functions":{"total":24,"covered":20,"skipped":0,"pct":83.33},"statements":{"total":67,"covered":50,"skipped":0,"pct":74.62},"branches":{"total":81,"covered":64,"skipped":0,"pct":79.01}}
,"/Users/akatragadda/Documents/GitHub/AstraNotes296/frontend/src/pages/SettingsPage.jsx": {"lines":{"total":1,"covered":1,"skipped":0,"pct":100},"functions":{"total":1,"covered":1,"skipped":0,"pct":100},"statements":{"total":1,"covered":1,"skipped":0,"pct":100},"branches":{"total":0,"covered":0,"skipped":0,"pct":100}}
,"/Users/akatragadda/Documents/GitHub/AstraNotes296/frontend/src/pages/TrashPage.jsx": {"lines":{"total":73,"covered":53,"skipped":0,"pct":72.6},"functions":{"total":24,"covered":15,"skipped":0,"pct":62.5},"statements":{"total":81,"covered":55,"skipped":0,"pct":67.9},"branches":{"total":48,"covered":29,"skipped":0,"pct":60.41}}
,"/Users/akatragadda/Documents/GitHub/AstraNotes296/frontend/src/services/notes.js": {"lines":{"total":41,"covered":32,"skipped":0,"pct":78.04},"functions":{"total":16,"covered":11,"skipped":0,"pct":68.75},"statements":{"total":51,"covered":39,"skipped":0,"pct":76.47},"branches":{"total":31,"covered":23,"skipped":0,"pct":74.19}}
}
