{"meta": {"format": 3, "version": "7.14.1", "timestamp": "2026-06-06T14:27:20.976614", "branch_coverage": false, "show_contexts": false}, "files": {"app/__init__.py": {"executed_lines": [1, 3, 5, 6, 7, 8, 10, 11, 12, 13, 16, 17, 18, 19, 20, 21, 25, 26, 28, 29, 38, 39, 40, 41, 42, 44, 45, 49, 50, 51, 53, 54, 55, 56, 57, 58, 64, 65, 67, 73, 74, 75, 77, 78, 80], "summary": {"covered_lines": 45, "num_statements": 50, "percent_covered": 90.0, "percent_covered_display": "90", "missing_lines": 5, "excluded_lines": 0, "percent_statements_covered": 90.0, "percent_statements_covered_display": "90"}, "missing_lines": [27, 34, 35, 47, 48], "excluded_lines": [], "functions": {"_ensure_indexes": {"executed_lines": [17, 18, 19, 20, 21, 25, 26, 28, 29], "summary": {"covered_lines": 9, "num_statements": 12, "percent_covered": 75.0, "percent_covered_display": "75", "missing_lines": 3, "excluded_lines": 0, "percent_statements_covered": 75.0, "percent_statements_covered_display": "75"}, "missing_lines": [27, 34, 35], "excluded_lines": [], "start_line": 16}, "create_app": {"executed_lines": [39, 40, 41, 42, 44, 45, 49, 50, 51, 53, 54, 55, 56, 57, 58, 64, 65, 67, 73, 74, 77, 78, 80], "summary": {"covered_lines": 23, "num_statements": 25, "percent_covered": 92.0, "percent_covered_display": "92", "missing_lines": 2, "excluded_lines": 0, "percent_statements_covered": 92.0, "percent_statements_covered_display": "92"}, "missing_lines": [47, 48], "excluded_lines": [], "start_line": 38}, "create_app.handle_too_large": {"executed_lines": [75], "summary": {"covered_lines": 1, "num_statements": 1, "percent_covered": 100.0, "percent_covered_display": "100", "missing_lines": 0, "excluded_lines": 0, "percent_statements_covered": 100.0, "percent_statements_covered_display": "100"}, "missing_lines": [], "excluded_lines": [], "start_line": 74}, "": {"executed_lines": [1, 3, 5, 6, 7, 8, 10, 11, 12, 13, 16, 38], "summary": {"covered_lines": 12, "num_statements": 12, "percent_covered": 100.0, "percent_covered_display": "100", "missing_lines": 0, "excluded_lines": 0, "percent_statements_covered": 100.0, "percent_statements_covered_display": "100"}, "missing_lines": [], "excluded_lines": [], "start_line": 1}}, "classes": {"": {"executed_lines": [1, 3, 5, 6, 7, 8, 10, 11, 12, 13, 16, 17, 18, 19, 20, 21, 25, 26, 28, 29, 38, 39, 40, 41, 42, 44, 45, 49, 50, 51, 53, 54, 55, 56, 57, 58, 64, 65, 67, 73, 74, 75, 77, 78, 80], "summary": {"covered_lines": 45, "num_statements": 50, "percent_covered": 90.0, "percent_covered_display": "90", "missing_lines": 5, "excluded_lines": 0, "percent_statements_covered": 90.0, "percent_statements_covered_display": "90"}, "missing_lines": [27, 34, 35, 47, 48], "excluded_lines": [], "start_line": 1}}}, "app/config.py": {"executed_lines": [1, 3, 4, 6, 8, 11, 22, 28, 30, 31, 32, 38, 39, 40, 41, 44, 45, 48, 51, 54, 55, 56, 57, 58], "summary": {"covered_lines": 24, "num_statements": 28, "percent_covered": 85.71428571428571, "percent_covered_display": "86", "missing_lines": 4, "excluded_lines": 0, "percent_statements_covered": 85.71428571428571, "percent_statements_covered_display": "86"}, "missing_lines": [13, 14, 15, 19], "excluded_lines": [], "functions": {"require_env": {"executed_lines": [], "summary": {"covered_lines": 0, "num_statements": 4, "percent_covered": 0.0, "percent_covered_display": "0", "missing_lines": 4, "excluded_lines": 0, "percent_statements_covered": 0.0, "percent_statements_covered_display": "0"}, "missing_lines": [13, 14, 15, 19], "excluded_lines": [], "start_line": 11}, "load_encryption_key": {"executed_lines": [28, 30, 31, 32, 38, 39, 40, 41, 44, 45, 48], "summary": {"covered_lines": 11, "num_statements": 11, "percent_covered": 100.0, "percent_covered_display": "100", "missing_lines": 0, "excluded_lines": 0, "percent_statements_covered": 100.0, "percent_statements_covered_display": "100"}, "missing_lines": [], "excluded_lines": [], "start_line": 22}, "": {"executed_lines": [1, 3, 4, 6, 8, 11, 22, 51, 54, 55, 56, 57, 58], "summary": {"covered_lines": 13, "num_statements": 13, "percent_covered": 100.0, "percent_covered_display": "100", "missing_lines": 0, "excluded_lines": 0, "percent_statements_covered": 100.0, "percent_statements_covered_display": "100"}, "missing_lines": [], "excluded_lines": [], "start_line": 1}}, "classes": {"Config": {"executed_lines": [], "summary": {"covered_lines": 0, "num_statements": 0, "percent_covered": 100.0, "percent_covered_display": "100", "missing_lines": 0, "excluded_lines": 0, "percent_statements_covered": 100.0, "percent_statements_covered_display": "100"}, "missing_lines": [], "excluded_lines": [], "start_line": 51}, "": {"executed_lines": [1, 3, 4, 6, 8, 11, 22, 28, 30, 31, 32, 38, 39, 40, 41, 44, 45, 48, 51, 54, 55, 56, 57, 58], "summary": {"covered_lines": 24, "num_statements": 28, "percent_covered": 85.71428571428571, "percent_covered_display": "86", "missing_lines": 4, "excluded_lines": 0, "percent_statements_covered": 85.71428571428571, "percent_statements_covered_display": "86"}, "missing_lines": [13, 14, 15, 19], "excluded_lines": [], "start_line": 1}}}, "app/models/__init__.py": {"executed_lines": [], "summary": {"covered_lines": 0, "num_statements": 0, "percent_covered": 100.0, "percent_covered_display": "100", "missing_lines": 0, "excluded_lines": 0, "percent_statements_covered": 100.0, "percent_statements_covered_display": "100"}, "missing_lines": [], "excluded_lines": [], "functions": {"": {"executed_lines": [], "summary": {"covered_lines": 0, "num_statements": 0, "percent_covered": 100.0, "percent_covered_display": "100", "missing_lines": 0, "excluded_lines": 0, "percent_statements_covered": 100.0, "percent_statements_covered_display": "100"}, "missing_lines": [], "excluded_lines": [], "start_line": 1}}, "classes": {"": {"executed_lines": [], "summary": {"covered_lines": 0, "num_statements": 0, "percent_covered": 100.0, "percent_covered_display": "100", "missing_lines": 0, "excluded_lines": 0, "percent_statements_covered": 100.0, "percent_statements_covered_display": "100"}, "missing_lines": [], "excluded_lines": [], "start_line": 1}}}, "app/models/note.py": {"executed_lines": [3, 5, 6, 9, 12, 16, 17, 20, 21, 22, 23, 24, 25, 26, 28, 29], "summary": {"covered_lines": 16, "num_statements": 17, "percent_covered": 94.11764705882354, "percent_covered_display": "94", "missing_lines": 1, "excluded_lines": 0, "percent_statements_covered": 94.11764705882354, "percent_statements_covered_display": "94"}, "missing_lines": [13], "excluded_lines": [], "functions": {"_utc_now": {"executed_lines": [], "summary": {"covered_lines": 0, "num_statements": 1, "percent_covered": 0.0, "percent_covered_display": "0", "missing_lines": 1, "excluded_lines": 0, "percent_statements_covered": 0.0, "percent_statements_covered_display": "0"}, "missing_lines": [13], "excluded_lines": [], "start_line": 12}, "Note.to_dict": {"executed_lines": [29], "summary": {"covered_lines": 1, "num_statements": 1, "percent_covered": 100.0, "percent_covered_display": "100", "missing_lines": 0, "excluded_lines": 0, "percent_statements_covered": 100.0, "percent_statements_covered_display": "100"}, "missing_lines": [], "excluded_lines": [], "start_line": 28}, "": {"executed_lines": [3, 5, 6, 9, 12, 16, 17, 20, 21, 22, 23, 24, 25, 26, 28], "summary": {"covered_lines": 15, "num_statements": 15, "percent_covered": 100.0, "percent_covered_display": "100", "missing_lines": 0, "excluded_lines": 0, "percent_statements_covered": 100.0, "percent_statements_covered_display": "100"}, "missing_lines": [], "excluded_lines": [], "start_line": 1}}, "classes": {"Note": {"executed_lines": [29], "summary": {"covered_lines": 1, "num_statements": 1, "percent_covered": 100.0, "percent_covered_display": "100", "missing_lines": 0, "excluded_lines": 0, "percent_statements_covered": 100.0, "percent_statements_covered_display": "100"}, "missing_lines": [], "excluded_lines": [], "start_line": 17}, "": {"executed_lines": [3, 5, 6, 9, 12, 16, 17, 20, 21, 22, 23, 24, 25, 26, 28], "summary": {"covered_lines": 15, "num_statements": 16, "percent_covered": 93.75, "percent_covered_display": "94", "missing_lines": 1, "excluded_lines": 0, "percent_statements_covered": 93.75, "percent_statements_covered_display": "94"}, "missing_lines": [13], "excluded_lines": [], "start_line": 1}}}, "app/routes/__init__.py": {"executed_lines": [], "summary": {"covered_lines": 0, "num_statements": 0, "percent_covered": 100.0, "percent_covered_display": "100", "missing_lines": 0, "excluded_lines": 0, "percent_statements_covered": 100.0, "percent_statements_covered_display": "100"}, "missing_lines": [], "excluded_lines": [], "functions": {"": {"executed_lines": [], "summary": {"covered_lines": 0, "num_statements": 0, "percent_covered": 100.0, "percent_covered_display": "100", "missing_lines": 0, "excluded_lines": 0, "percent_statements_covered": 100.0, "percent_statements_covered_display": "100"}, "missing_lines": [], "excluded_lines": [], "start_line": 1}}, "classes": {"": {"executed_lines": [], "summary": {"covered_lines": 0, "num_statements": 0, "percent_covered": 100.0, "percent_covered_display": "100", "missing_lines": 0, "excluded_lines": 0, "percent_statements_covered": 100.0, "percent_statements_covered_display": "100"}, "missing_lines": [], "excluded_lines": [], "start_line": 1}}}, "app/routes/health.py": {"executed_lines": [1, 3, 5, 8, 9, 10, 11, 12, 15], "summary": {"covered_lines": 9, "num_statements": 11, "percent_covered": 81.81818181818181, "percent_covered_display": "82", "missing_lines": 2, "excluded_lines": 0, "percent_statements_covered": 81.81818181818181, "percent_statements_covered_display": "82"}, "missing_lines": [13, 14], "excluded_lines": [], "functions": {"health": {"executed_lines": [10, 11, 12, 15], "summary": {"covered_lines": 4, "num_statements": 6, "percent_covered": 66.66666666666667, "percent_covered_display": "67", "missing_lines": 2, "excluded_lines": 0, "percent_statements_covered": 66.66666666666667, "percent_statements_covered_display": "67"}, "missing_lines": [13, 14], "excluded_lines": [], "start_line": 9}, "": {"executed_lines": [1, 3, 5, 8, 9], "summary": {"covered_lines": 5, "num_statements": 5, "percent_covered": 100.0, "percent_covered_display": "100", "missing_lines": 0, "excluded_lines": 0, "percent_statements_covered": 100.0, "percent_statements_covered_display": "100"}, "missing_lines": [], "excluded_lines": [], "start_line": 1}}, "classes": {"": {"executed_lines": [1, 3, 5, 8, 9, 10, 11, 12, 15], "summary": {"covered_lines": 9, "num_statements": 11, "percent_covered": 81.81818181818181, "percent_covered_display": "82", "missing_lines": 2, "excluded_lines": 0, "percent_statements_covered": 81.81818181818181, "percent_statements_covered_display": "82"}, "missing_lines": [13, 14], "excluded_lines": [], "start_line": 1}}}, "app/routes/notes.py": {"executed_lines": [1, 3, 5, 6, 7, 8, 10, 13, 14, 15, 16, 17, 20, 21, 22, 23, 26, 27, 28, 29, 32, 35, 36, 37, 38, 39, 40, 41, 42, 45, 46, 50, 53, 54, 55, 56, 57, 58, 59, 60, 61, 63, 64, 65, 68, 69, 70, 71, 72, 73, 76, 77, 78, 81, 82, 83, 84, 85, 86, 87, 92, 94, 97, 98, 99, 100, 103, 105, 108, 109, 110, 111, 112, 115, 116, 117, 120, 121, 122, 123, 128, 129, 130, 133, 134, 135, 138, 139, 140, 141, 142, 147, 148, 149, 150, 151, 155, 158, 159, 162, 163, 164, 165, 169, 170, 172, 173], "summary": {"covered_lines": 107, "num_statements": 132, "percent_covered": 81.06060606060606, "percent_covered_display": "81", "missing_lines": 25, "excluded_lines": 0, "percent_statements_covered": 81.06060606060606, "percent_statements_covered_display": "81"}, "missing_lines": [47, 49, 62, 74, 75, 88, 89, 90, 91, 93, 101, 102, 104, 113, 114, 124, 125, 126, 127, 136, 152, 153, 156, 166, 167], "excluded_lines": [], "functions": {"_service": {"executed_lines": [14, 15, 16, 17], "summary": {"covered_lines": 4, "num_statements": 4, "percent_covered": 100.0, "percent_covered_display": "100", "missing_lines": 0, "excluded_lines": 0, "percent_statements_covered": 100.0, "percent_statements_covered_display": "100"}, "missing_lines": [], "excluded_lines": [], "start_line": 13}, "_version_service": {"executed_lines": [21, 22, 23], "summary": {"covered_lines": 3, "num_statements": 3, "percent_covered": 100.0, "percent_covered_display": "100", "missing_lines": 0, "excluded_lines": 0, "percent_statements_covered": 100.0, "percent_statements_covered_display": "100"}, "missing_lines": [], "excluded_lines": [], "start_line": 20}, "_audio_service": {"executed_lines": [27, 28, 29], "summary": {"covered_lines": 3, "num_statements": 3, "percent_covered": 100.0, "percent_covered_display": "100", "missing_lines": 0, "excluded_lines": 0, "percent_statements_covered": 100.0, "percent_statements_covered_display": "100"}, "missing_lines": [], "excluded_lines": [], "start_line": 26}, "list_notes": {"executed_lines": [37, 38, 39, 40, 41, 42, 45, 46, 50], "summary": {"covered_lines": 9, "num_statements": 11, "percent_covered": 81.81818181818181, "percent_covered_display": "82", "missing_lines": 2, "excluded_lines": 0, "percent_statements_covered": 81.81818181818181, "percent_statements_covered_display": "82"}, "missing_lines": [47, 49], "excluded_lines": [], "start_line": 36}, "create_note": {"executed_lines": [55, 56, 57, 58, 59, 60, 61, 63, 64, 65], "summary": {"covered_lines": 10, "num_statements": 11, "percent_covered": 90.9090909090909, "percent_covered_display": "91", "missing_lines": 1, "excluded_lines": 0, "percent_statements_covered": 90.9090909090909, "percent_statements_covered_display": "91"}, "missing_lines": [62], "excluded_lines": [], "start_line": 54}, "get_note": {"executed_lines": [70, 71, 72, 73, 76, 77, 78], "summary": {"covered_lines": 7, "num_statements": 9, "percent_covered": 77.77777777777777, "percent_covered_display": "78", "missing_lines": 2, "excluded_lines": 0, "percent_statements_covered": 77.77777777777777, "percent_statements_covered_display": "78"}, "missing_lines": [74, 75], "excluded_lines": [], "start_line": 69}, "patch_note": {"executed_lines": [83, 84, 85, 86, 87, 92, 94], "summary": {"covered_lines": 7, "num_statements": 12, "percent_covered": 58.333333333333336, "percent_covered_display": "58", "missing_lines": 5, "excluded_lines": 0, "percent_statements_covered": 58.333333333333336, "percent_statements_covered_display": "58"}, "missing_lines": [88, 89, 90, 91, 93], "excluded_lines": [], "start_line": 82}, "delete_note": {"executed_lines": [99, 100, 103, 105], "summary": {"covered_lines": 4, "num_statements": 7, "percent_covered": 57.142857142857146, "percent_covered_display": "57", "missing_lines": 3, "excluded_lines": 0, "percent_statements_covered": 57.142857142857146, "percent_statements_covered_display": "57"}, "missing_lines": [101, 102, 104], "excluded_lines": [], "start_line": 98}, "list_versions": {"executed_lines": [110, 111, 112, 115, 116, 117], "summary": {"covered_lines": 6, "num_statements": 8, "percent_covered": 75.0, "percent_covered_display": "75", "missing_lines": 2, "excluded_lines": 0, "percent_statements_covered": 75.0, "percent_statements_covered_display": "75"}, "missing_lines": [113, 114], "excluded_lines": [], "start_line": 109}, "restore_version": {"executed_lines": [122, 123, 128, 129, 130], "summary": {"covered_lines": 5, "num_statements": 9, "percent_covered": 55.55555555555556, "percent_covered_display": "56", "missing_lines": 4, "excluded_lines": 0, "percent_statements_covered": 55.55555555555556, "percent_statements_covered_display": "56"}, "missing_lines": [124, 125, 126, 127], "excluded_lines": [], "start_line": 121}, "upload_audio": {"executed_lines": [135, 138, 139, 140, 141, 142, 147, 148, 149, 150, 151, 155, 158, 159], "summary": {"covered_lines": 14, "num_statements": 18, "percent_covered": 77.77777777777777, "percent_covered_display": "78", "missing_lines": 4, "excluded_lines": 0, "percent_statements_covered": 77.77777777777777, "percent_statements_covered_display": "78"}, "missing_lines": [136, 152, 153, 156], "excluded_lines": [], "start_line": 134}, "get_audio": {"executed_lines": [164, 165, 169, 170, 172, 173], "summary": {"covered_lines": 6, "num_statements": 8, "percent_covered": 75.0, "percent_covered_display": "75", "missing_lines": 2, "excluded_lines": 0, "percent_statements_covered": 75.0, "percent_statements_covered_display": "75"}, "missing_lines": [166, 167], "excluded_lines": [], "start_line": 163}, "": {"executed_lines": [1, 3, 5, 6, 7, 8, 10, 13, 20, 26, 32, 35, 36, 53, 54, 68, 69, 81, 82, 97, 98, 108, 109, 120, 121, 133, 134, 162, 163], "summary": {"covered_lines": 29, "num_statements": 29, "percent_covered": 100.0, "percent_covered_display": "100", "missing_lines": 0, "excluded_lines": 0, "percent_statements_covered": 100.0, "percent_statements_covered_display": "100"}, "missing_lines": [], "excluded_lines": [], "start_line": 1}}, "classes": {"": {"executed_lines": [1, 3, 5, 6, 7, 8, 10, 13, 14, 15, 16, 17, 20, 21, 22, 23, 26, 27, 28, 29, 32, 35, 36, 37, 38, 39, 40, 41, 42, 45, 46, 50, 53, 54, 55, 56, 57, 58, 59, 60, 61, 63, 64, 65, 68, 69, 70, 71, 72, 73, 76, 77, 78, 81, 82, 83, 84, 85, 86, 87, 92, 94, 97, 98, 99, 100, 103, 105, 108, 109, 110, 111, 112, 115, 116, 117, 120, 121, 122, 123, 128, 129, 130, 133, 134, 135, 138, 139, 140, 141, 142, 147, 148, 149, 150, 151, 155, 158, 159, 162, 163, 164, 165, 169, 170, 172, 173], "summary": {"covered_lines": 107, "num_statements": 132, "percent_covered": 81.06060606060606, "percent_covered_display": "81", "missing_lines": 25, "excluded_lines": 0, "percent_statements_covered": 81.06060606060606, "percent_statements_covered_display": "81"}, "missing_lines": [47, 49, 62, 74, 75, 88, 89, 90, 91, 93, 101, 102, 104, 113, 114, 124, 125, 126, 127, 136, 152, 153, 156, 166, 167], "excluded_lines": [], "start_line": 1}}}, "app/services/__init__.py": {"executed_lines": [], "summary": {"covered_lines": 0, "num_statements": 0, "percent_covered": 100.0, "percent_covered_display": "100", "missing_lines": 0, "excluded_lines": 0, "percent_statements_covered": 100.0, "percent_statements_covered_display": "100"}, "missing_lines": [], "excluded_lines": [], "functions": {"": {"executed_lines": [], "summary": {"covered_lines": 0, "num_statements": 0, "percent_covered": 100.0, "percent_covered_display": "100", "missing_lines": 0, "excluded_lines": 0, "percent_statements_covered": 100.0, "percent_statements_covered_display": "100"}, "missing_lines": [], "excluded_lines": [], "start_line": 1}}, "classes": {"": {"executed_lines": [], "summary": {"covered_lines": 0, "num_statements": 0, "percent_covered": 100.0, "percent_covered_display": "100", "missing_lines": 0, "excluded_lines": 0, "percent_statements_covered": 100.0, "percent_statements_covered_display": "100"}, "missing_lines": [], "excluded_lines": [], "start_line": 1}}}, "app/services/audio_service.py": {"executed_lines": [3, 5, 7, 8, 9, 12, 18, 22, 23, 26, 34, 35, 36, 38, 50, 51, 52, 54, 55, 57, 58, 59, 63, 65, 70, 71, 72, 73, 74, 75, 76, 80, 81, 82, 83], "summary": {"covered_lines": 35, "num_statements": 40, "percent_covered": 87.5, "percent_covered_display": "88", "missing_lines": 5, "excluded_lines": 0, "percent_statements_covered": 87.5, "percent_statements_covered_display": "88"}, "missing_lines": [53, 77, 78, 84, 85], "excluded_lines": [], "functions": {"_utc_now": {"executed_lines": [23], "summary": {"covered_lines": 1, "num_statements": 1, "percent_covered": 100.0, "percent_covered_display": "100", "missing_lines": 0, "excluded_lines": 0, "percent_statements_covered": 100.0, "percent_statements_covered_display": "100"}, "missing_lines": [], "excluded_lines": [], "start_line": 22}, "AudioService.__init__": {"executed_lines": [35, 36], "summary": {"covered_lines": 2, "num_statements": 2, "percent_covered": 100.0, "percent_covered_display": "100", "missing_lines": 0, "excluded_lines": 0, "percent_statements_covered": 100.0, "percent_statements_covered_display": "100"}, "missing_lines": [], "excluded_lines": [], "start_line": 34}, "AudioService.store": {"executed_lines": [50, 51, 52, 54, 55, 57, 58, 59, 63], "summary": {"covered_lines": 9, "num_statements": 10, "percent_covered": 90.0, "percent_covered_display": "90", "missing_lines": 1, "excluded_lines": 0, "percent_statements_covered": 90.0, "percent_statements_covered_display": "90"}, "missing_lines": [53], "excluded_lines": [], "start_line": 38}, "AudioService.fetch": {"executed_lines": [70, 71, 72, 73, 74, 75, 76], "summary": {"covered_lines": 7, "num_statements": 9, "percent_covered": 77.77777777777777, "percent_covered_display": "78", "missing_lines": 2, "excluded_lines": 0, "percent_statements_covered": 77.77777777777777, "percent_statements_covered_display": "78"}, "missing_lines": [77, 78], "excluded_lines": [], "start_line": 65}, "AudioService._parse_id": {"executed_lines": [82, 83], "summary": {"covered_lines": 2, "num_statements": 4, "percent_covered": 50.0, "percent_covered_display": "50", "missing_lines": 2, "excluded_lines": 0, "percent_statements_covered": 50.0, "percent_statements_covered_display": "50"}, "missing_lines": [84, 85], "excluded_lines": [], "start_line": 81}, "": {"executed_lines": [3, 5, 7, 8, 9, 12, 18, 22, 26, 34, 38, 65, 80, 81], "summary": {"covered_lines": 14, "num_statements": 14, "percent_covered": 100.0, "percent_covered_display": "100", "missing_lines": 0, "excluded_lines": 0, "percent_statements_covered": 100.0, "percent_statements_covered_display": "100"}, "missing_lines": [], "excluded_lines": [], "start_line": 1}}, "classes": {"WrongNoteTypeError": {"executed_lines": [], "summary": {"covered_lines": 0, "num_statements": 0, "percent_covered": 100.0, "percent_covered_display": "100", "missing_lines": 0, "excluded_lines": 0, "percent_statements_covered": 100.0, "percent_statements_covered_display": "100"}, "missing_lines": [], "excluded_lines": [], "start_line": 18}, "AudioService": {"executed_lines": [35, 36, 50, 51, 52, 54, 55, 57, 58, 59, 63, 70, 71, 72, 73, 74, 75, 76, 82, 83], "summary": {"covered_lines": 20, "num_statements": 25, "percent_covered": 80.0, "percent_covered_display": "80", "missing_lines": 5, "excluded_lines": 0, "percent_statements_covered": 80.0, "percent_statements_covered_display": "80"}, "missing_lines": [53, 77, 78, 84, 85], "excluded_lines": [], "start_line": 26}, "": {"executed_lines": [3, 5, 7, 8, 9, 12, 18, 22, 23, 26, 34, 38, 65, 80, 81], "summary": {"covered_lines": 15, "num_statements": 15, "percent_covered": 100.0, "percent_covered_display": "100", "missing_lines": 0, "excluded_lines": 0, "percent_statements_covered": 100.0, "percent_statements_covered_display": "100"}, "missing_lines": [], "excluded_lines": [], "start_line": 1}}}, "app/services/encryption_service.py": {"executed_lines": [3, 5, 6, 8, 9, 11, 12, 15, 19, 23, 31, 32, 33, 36, 38, 40, 41, 42, 44, 50, 51, 52, 53, 54, 55], "summary": {"covered_lines": 25, "num_statements": 25, "percent_covered": 100.0, "percent_covered_display": "100", "missing_lines": 0, "excluded_lines": 0, "percent_statements_covered": 100.0, "percent_statements_covered_display": "100"}, "missing_lines": [], "excluded_lines": [], "functions": {"EncryptionService.__init__": {"executed_lines": [32, 33, 36], "summary": {"covered_lines": 3, "num_statements": 3, "percent_covered": 100.0, "percent_covered_display": "100", "missing_lines": 0, "excluded_lines": 0, "percent_statements_covered": 100.0, "percent_statements_covered_display": "100"}, "missing_lines": [], "excluded_lines": [], "start_line": 31}, "EncryptionService.encrypt": {"executed_lines": [40, 41, 42], "summary": {"covered_lines": 3, "num_statements": 3, "percent_covered": 100.0, "percent_covered_display": "100", "missing_lines": 0, "excluded_lines": 0, "percent_statements_covered": 100.0, "percent_statements_covered_display": "100"}, "missing_lines": [], "excluded_lines": [], "start_line": 38}, "EncryptionService.decrypt": {"executed_lines": [50, 51, 52, 53, 54, 55], "summary": {"covered_lines": 6, "num_statements": 6, "percent_covered": 100.0, "percent_covered_display": "100", "missing_lines": 0, "excluded_lines": 0, "percent_statements_covered": 100.0, "percent_statements_covered_display": "100"}, "missing_lines": [], "excluded_lines": [], "start_line": 44}, "": {"executed_lines": [3, 5, 6, 8, 9, 11, 12, 15, 19, 23, 31, 38, 44], "summary": {"covered_lines": 13, "num_statements": 13, "percent_covered": 100.0, "percent_covered_display": "100", "missing_lines": 0, "excluded_lines": 0, "percent_statements_covered": 100.0, "percent_statements_covered_display": "100"}, "missing_lines": [], "excluded_lines": [], "start_line": 1}}, "classes": {"MissingEncryptionKeyError": {"executed_lines": [], "summary": {"covered_lines": 0, "num_statements": 0, "percent_covered": 100.0, "percent_covered_display": "100", "missing_lines": 0, "excluded_lines": 0, "percent_statements_covered": 100.0, "percent_statements_covered_display": "100"}, "missing_lines": [], "excluded_lines": [], "start_line": 15}, "DecryptionFailedError": {"executed_lines": [], "summary": {"covered_lines": 0, "num_statements": 0, "percent_covered": 100.0, "percent_covered_display": "100", "missing_lines": 0, "excluded_lines": 0, "percent_statements_covered": 100.0, "percent_statements_covered_display": "100"}, "missing_lines": [], "excluded_lines": [], "start_line": 19}, "EncryptionService": {"executed_lines": [32, 33, 36, 40, 41, 42, 50, 51, 52, 53, 54, 55], "summary": {"covered_lines": 12, "num_statements": 12, "percent_covered": 100.0, "percent_covered_display": "100", "missing_lines": 0, "excluded_lines": 0, "percent_statements_covered": 100.0, "percent_statements_covered_display": "100"}, "missing_lines": [], "excluded_lines": [], "start_line": 23}, "": {"executed_lines": [3, 5, 6, 8, 9, 11, 12, 15, 19, 23, 31, 38, 44], "summary": {"covered_lines": 13, "num_statements": 13, "percent_covered": 100.0, "percent_covered_display": "100", "missing_lines": 0, "excluded_lines": 0, "percent_statements_covered": 100.0, "percent_statements_covered_display": "100"}, "missing_lines": [], "excluded_lines": [], "start_line": 1}}}, "app/services/note_service.py": {"executed_lines": [3, 5, 6, 8, 9, 10, 11, 13, 14, 21, 22, 25, 28, 32, 33, 47, 48, 54, 55, 56, 58, 59, 60, 61, 62, 63, 64, 65, 66, 67, 75, 76, 77, 78, 80, 81, 82, 83, 84, 85, 86, 88, 91, 92, 93, 96, 97, 98, 99, 101, 102, 106, 107, 108, 109, 110, 111, 113, 116, 121, 123, 125, 126, 127, 131, 133, 148, 150, 151, 153, 154, 155, 157, 158, 159, 161, 162, 164, 166, 167, 168, 169, 170, 171, 172, 177, 178, 180, 181, 182, 183, 185, 186, 188, 196, 197, 198, 199, 201, 204, 205, 206, 209, 211, 212, 217, 219, 221, 223, 224, 225, 226, 228, 229, 230, 231], "summary": {"covered_lines": 116, "num_statements": 124, "percent_covered": 93.54838709677419, "percent_covered_display": "94", "missing_lines": 8, "excluded_lines": 3, "percent_statements_covered": 93.54838709677419, "percent_statements_covered_display": "94"}, "missing_lines": [94, 100, 114, 122, 202, 218, 232, 233], "excluded_lines": [16, 17, 18], "functions": {"_utc_now": {"executed_lines": [22], "summary": {"covered_lines": 1, "num_statements": 1, "percent_covered": 100.0, "percent_covered_display": "100", "missing_lines": 0, "excluded_lines": 0, "percent_statements_covered": 100.0, "percent_statements_covered_display": "100"}, "missing_lines": [], "excluded_lines": [], "start_line": 21}, "_serialize": {"executed_lines": [33], "summary": {"covered_lines": 1, "num_statements": 1, "percent_covered": 100.0, "percent_covered_display": "100", "missing_lines": 0, "excluded_lines": 0, "percent_statements_covered": 100.0, "percent_statements_covered_display": "100"}, "missing_lines": [], "excluded_lines": [], "start_line": 32}, "NoteService.__init__": {"executed_lines": [54, 55, 56], "summary": {"covered_lines": 3, "num_statements": 3, "percent_covered": 100.0, "percent_covered_display": "100", "missing_lines": 0, "excluded_lines": 0, "percent_statements_covered": 100.0, "percent_statements_covered_display": "100"}, "missing_lines": [], "excluded_lines": [], "start_line": 48}, "NoteService.create": {"executed_lines": [59, 60, 61, 62, 63, 64, 65, 66, 67, 75, 76, 77, 78], "summary": {"covered_lines": 13, "num_statements": 13, "percent_covered": 100.0, "percent_covered_display": "100", "missing_lines": 0, "excluded_lines": 0, "percent_statements_covered": 100.0, "percent_statements_covered_display": "100"}, "missing_lines": [], "excluded_lines": [], "start_line": 58}, "NoteService.get": {"executed_lines": [81, 82, 83, 84, 85, 86], "summary": {"covered_lines": 6, "num_statements": 6, "percent_covered": 100.0, "percent_covered_display": "100", "missing_lines": 0, "excluded_lines": 0, "percent_statements_covered": 100.0, "percent_statements_covered_display": "100"}, "missing_lines": [], "excluded_lines": [], "start_line": 80}, "NoteService.update": {"executed_lines": [91, 92, 93, 96, 97, 98, 99, 101, 102, 106, 107, 108, 109, 110, 111, 113, 116, 121, 123], "summary": {"covered_lines": 19, "num_statements": 23, "percent_covered": 82.6086956521739, "percent_covered_display": "83", "missing_lines": 4, "excluded_lines": 0, "percent_statements_covered": 82.6086956521739, "percent_statements_covered_display": "83"}, "missing_lines": [94, 100, 114, 122], "excluded_lines": [], "start_line": 88}, "NoteService.soft_delete": {"executed_lines": [126, 127, 131], "summary": {"covered_lines": 3, "num_statements": 3, "percent_covered": 100.0, "percent_covered_display": "100", "missing_lines": 0, "excluded_lines": 0, "percent_statements_covered": 100.0, "percent_statements_covered_display": "100"}, "missing_lines": [], "excluded_lines": [], "start_line": 125}, "NoteService.list_notes": {"executed_lines": [148, 150, 151, 153, 154, 155, 157, 158, 159, 161, 164, 166, 167, 168, 169, 170, 171, 172, 177, 178, 180, 181, 182, 183, 185, 186], "summary": {"covered_lines": 26, "num_statements": 26, "percent_covered": 100.0, "percent_covered_display": "100", "missing_lines": 0, "excluded_lines": 0, "percent_statements_covered": 100.0, "percent_statements_covered_display": "100"}, "missing_lines": [], "excluded_lines": [], "start_line": 133}, "NoteService.list_notes._q": {"executed_lines": [162], "summary": {"covered_lines": 1, "num_statements": 1, "percent_covered": 100.0, "percent_covered_display": "100", "missing_lines": 0, "excluded_lines": 0, "percent_statements_covered": 100.0, "percent_statements_covered_display": "100"}, "missing_lines": [], "excluded_lines": [], "start_line": 161}, "NoteService.restore_version": {"executed_lines": [196, 197, 198, 199, 201, 204, 205, 206, 209, 211, 212, 217, 219], "summary": {"covered_lines": 13, "num_statements": 15, "percent_covered": 86.66666666666667, "percent_covered_display": "87", "missing_lines": 2, "excluded_lines": 0, "percent_statements_covered": 86.66666666666667, "percent_statements_covered_display": "87"}, "missing_lines": [202, 218], "excluded_lines": [], "start_line": 188}, "NoteService._decrypt_body": {"executed_lines": [223, 224, 225, 226], "summary": {"covered_lines": 4, "num_statements": 4, "percent_covered": 100.0, "percent_covered_display": "100", "missing_lines": 0, "excluded_lines": 0, "percent_statements_covered": 100.0, "percent_statements_covered_display": "100"}, "missing_lines": [], "excluded_lines": [], "start_line": 221}, "NoteService._parse_id": {"executed_lines": [230, 231], "summary": {"covered_lines": 2, "num_statements": 4, "percent_covered": 50.0, "percent_covered_display": "50", "missing_lines": 2, "excluded_lines": 0, "percent_statements_covered": 50.0, "percent_statements_covered_display": "50"}, "missing_lines": [232, 233], "excluded_lines": [], "start_line": 229}, "": {"executed_lines": [3, 5, 6, 8, 9, 10, 11, 13, 14, 21, 25, 28, 32, 47, 48, 58, 80, 88, 125, 133, 188, 221, 228, 229], "summary": {"covered_lines": 24, "num_statements": 24, "percent_covered": 100.0, "percent_covered_display": "100", "missing_lines": 0, "excluded_lines": 3, "percent_statements_covered": 100.0, "percent_statements_covered_display": "100"}, "missing_lines": [], "excluded_lines": [16, 17, 18], "start_line": 1}}, "classes": {"InvalidNoteTypeError": {"executed_lines": [], "summary": {"covered_lines": 0, "num_statements": 0, "percent_covered": 100.0, "percent_covered_display": "100", "missing_lines": 0, "excluded_lines": 0, "percent_statements_covered": 100.0, "percent_statements_covered_display": "100"}, "missing_lines": [], "excluded_lines": [], "start_line": 28}, "NoteService": {"executed_lines": [54, 55, 56, 59, 60, 61, 62, 63, 64, 65, 66, 67, 75, 76, 77, 78, 81, 82, 83, 84, 85, 86, 91, 92, 93, 96, 97, 98, 99, 101, 102, 106, 107, 108, 109, 110, 111, 113, 116, 121, 123, 126, 127, 131, 148, 150, 151, 153, 154, 155, 157, 158, 159, 161, 162, 164, 166, 167, 168, 169, 170, 171, 172, 177, 178, 180, 181, 182, 183, 185, 186, 196, 197, 198, 199, 201, 204, 205, 206, 209, 211, 212, 217, 219, 223, 224, 225, 226, 230, 231], "summary": {"covered_lines": 90, "num_statements": 98, "percent_covered": 91.83673469387755, "percent_covered_display": "92", "missing_lines": 8, "excluded_lines": 0, "percent_statements_covered": 91.83673469387755, "percent_statements_covered_display": "92"}, "missing_lines": [94, 100, 114, 122, 202, 218, 232, 233], "excluded_lines": [], "start_line": 47}, "": {"executed_lines": [3, 5, 6, 8, 9, 10, 11, 13, 14, 21, 22, 25, 28, 32, 33, 47, 48, 58, 80, 88, 125, 133, 188, 221, 228, 229], "summary": {"covered_lines": 26, "num_statements": 26, "percent_covered": 100.0, "percent_covered_display": "100", "missing_lines": 0, "excluded_lines": 3, "percent_statements_covered": 100.0, "percent_statements_covered_display": "100"}, "missing_lines": [], "excluded_lines": [16, 17, 18], "start_line": 1}}}, "app/services/plugin_registry.py": {"executed_lines": [3, 5, 7, 10, 11, 14, 15, 18, 21, 22, 23, 25, 26, 28, 29, 31, 32, 34, 35, 37, 38, 39, 41, 42, 43, 45, 48, 51, 52], "summary": {"covered_lines": 29, "num_statements": 30, "percent_covered": 96.66666666666667, "percent_covered_display": "97", "missing_lines": 1, "excluded_lines": 0, "percent_statements_covered": 96.66666666666667, "percent_statements_covered_display": "97"}, "missing_lines": [44], "excluded_lines": [], "functions": {"PluginRegistry.__init__": {"executed_lines": [22, 23], "summary": {"covered_lines": 2, "num_statements": 2, "percent_covered": 100.0, "percent_covered_display": "100", "missing_lines": 0, "excluded_lines": 0, "percent_statements_covered": 100.0, "percent_statements_covered_display": "100"}, "missing_lines": [], "excluded_lines": [], "start_line": 21}, "PluginRegistry._register_defaults": {"executed_lines": [26, 28, 29], "summary": {"covered_lines": 3, "num_statements": 3, "percent_covered": 100.0, "percent_covered_display": "100", "missing_lines": 0, "excluded_lines": 0, "percent_statements_covered": 100.0, "percent_statements_covered_display": "100"}, "missing_lines": [], "excluded_lines": [], "start_line": 25}, "PluginRegistry.register": {"executed_lines": [32], "summary": {"covered_lines": 1, "num_statements": 1, "percent_covered": 100.0, "percent_covered_display": "100", "missing_lines": 0, "excluded_lines": 0, "percent_statements_covered": 100.0, "percent_statements_covered_display": "100"}, "missing_lines": [], "excluded_lines": [], "start_line": 31}, "PluginRegistry.is_registered": {"executed_lines": [35], "summary": {"covered_lines": 1, "num_statements": 1, "percent_covered": 100.0, "percent_covered_display": "100", "missing_lines": 0, "excluded_lines": 0, "percent_statements_covered": 100.0, "percent_statements_covered_display": "100"}, "missing_lines": [], "excluded_lines": [], "start_line": 34}, "PluginRegistry.validate_type_or_raise": {"executed_lines": [38, 39], "summary": {"covered_lines": 2, "num_statements": 2, "percent_covered": 100.0, "percent_covered_display": "100", "missing_lines": 0, "excluded_lines": 0, "percent_statements_covered": 100.0, "percent_statements_covered_display": "100"}, "missing_lines": [], "excluded_lines": [], "start_line": 37}, "PluginRegistry.get_handler": {"executed_lines": [42, 43, 45], "summary": {"covered_lines": 3, "num_statements": 4, "percent_covered": 75.0, "percent_covered_display": "75", "missing_lines": 1, "excluded_lines": 0, "percent_statements_covered": 75.0, "percent_statements_covered_display": "75"}, "missing_lines": [44], "excluded_lines": [], "start_line": 41}, "get_plugin_registry": {"executed_lines": [52], "summary": {"covered_lines": 1, "num_statements": 1, "percent_covered": 100.0, "percent_covered_display": "100", "missing_lines": 0, "excluded_lines": 0, "percent_statements_covered": 100.0, "percent_statements_covered_display": "100"}, "missing_lines": [], "excluded_lines": [], "start_line": 51}, "": {"executed_lines": [3, 5, 7, 10, 11, 14, 15, 18, 21, 25, 31, 34, 37, 41, 48, 51], "summary": {"covered_lines": 16, "num_statements": 16, "percent_covered": 100.0, "percent_covered_display": "100", "missing_lines": 0, "excluded_lines": 0, "percent_statements_covered": 100.0, "percent_statements_covered_display": "100"}, "missing_lines": [], "excluded_lines": [], "start_line": 1}}, "classes": {"NoteTypeSpec": {"executed_lines": [], "summary": {"covered_lines": 0, "num_statements": 0, "percent_covered": 100.0, "percent_covered_display": "100", "missing_lines": 0, "excluded_lines": 0, "percent_statements_covered": 100.0, "percent_statements_covered_display": "100"}, "missing_lines": [], "excluded_lines": [], "start_line": 11}, "PluginRegistry": {"executed_lines": [22, 23, 26, 28, 29, 32, 35, 38, 39, 42, 43, 45], "summary": {"covered_lines": 12, "num_statements": 13, "percent_covered": 92.3076923076923, "percent_covered_display": "92", "missing_lines": 1, "excluded_lines": 0, "percent_statements_covered": 92.3076923076923, "percent_statements_covered_display": "92"}, "missing_lines": [44], "excluded_lines": [], "start_line": 18}, "": {"executed_lines": [3, 5, 7, 10, 11, 14, 15, 18, 21, 25, 31, 34, 37, 41, 48, 51, 52], "summary": {"covered_lines": 17, "num_statements": 17, "percent_covered": 100.0, "percent_covered_display": "100", "missing_lines": 0, "excluded_lines": 0, "percent_statements_covered": 100.0, "percent_statements_covered_display": "100"}, "missing_lines": [], "excluded_lines": [], "start_line": 1}}}, "app/services/secure_note_handler.py": {"executed_lines": [3, 5, 11, 14, 18, 20, 22, 25, 33, 36, 41, 43, 44, 49], "summary": {"covered_lines": 14, "num_statements": 16, "percent_covered": 87.5, "percent_covered_display": "88", "missing_lines": 2, "excluded_lines": 2, "percent_statements_covered": 87.5, "percent_statements_covered_display": "88"}, "missing_lines": [37, 45], "excluded_lines": [7, 8], "functions": {"NoteTypeHandler.transform_write": {"executed_lines": [18], "summary": {"covered_lines": 1, "num_statements": 1, "percent_covered": 100.0, "percent_covered_display": "100", "missing_lines": 0, "excluded_lines": 0, "percent_statements_covered": 100.0, "percent_statements_covered_display": "100"}, "missing_lines": [], "excluded_lines": [], "start_line": 14}, "NoteTypeHandler.transform_read": {"executed_lines": [22], "summary": {"covered_lines": 1, "num_statements": 1, "percent_covered": 100.0, "percent_covered_display": "100", "missing_lines": 0, "excluded_lines": 0, "percent_statements_covered": 100.0, "percent_statements_covered_display": "100"}, "missing_lines": [], "excluded_lines": [], "start_line": 20}, "SecureNoteHandler.transform_write": {"executed_lines": [36, 41], "summary": {"covered_lines": 2, "num_statements": 3, "percent_covered": 66.66666666666667, "percent_covered_display": "67", "missing_lines": 1, "excluded_lines": 0, "percent_statements_covered": 66.66666666666667, "percent_statements_covered_display": "67"}, "missing_lines": [37], "excluded_lines": [], "start_line": 33}, "SecureNoteHandler.transform_read": {"executed_lines": [44, 49], "summary": {"covered_lines": 2, "num_statements": 3, "percent_covered": 66.66666666666667, "percent_covered_display": "67", "missing_lines": 1, "excluded_lines": 0, "percent_statements_covered": 66.66666666666667, "percent_statements_covered_display": "67"}, "missing_lines": [45], "excluded_lines": [], "start_line": 43}, "": {"executed_lines": [3, 5, 11, 14, 20, 25, 33, 43], "summary": {"covered_lines": 8, "num_statements": 8, "percent_covered": 100.0, "percent_covered_display": "100", "missing_lines": 0, "excluded_lines": 2, "percent_statements_covered": 100.0, "percent_statements_covered_display": "100"}, "missing_lines": [], "excluded_lines": [7, 8], "start_line": 1}}, "classes": {"NoteTypeHandler": {"executed_lines": [18, 22], "summary": {"covered_lines": 2, "num_statements": 2, "percent_covered": 100.0, "percent_covered_display": "100", "missing_lines": 0, "excluded_lines": 0, "percent_statements_covered": 100.0, "percent_statements_covered_display": "100"}, "missing_lines": [], "excluded_lines": [], "start_line": 11}, "SecureNoteHandler": {"executed_lines": [36, 41, 44, 49], "summary": {"covered_lines": 4, "num_statements": 6, "percent_covered": 66.66666666666667, "percent_covered_display": "67", "missing_lines": 2, "excluded_lines": 0, "percent_statements_covered": 66.66666666666667, "percent_statements_covered_display": "67"}, "missing_lines": [37, 45], "excluded_lines": [], "start_line": 25}, "": {"executed_lines": [3, 5, 11, 14, 20, 25, 33, 43], "summary": {"covered_lines": 8, "num_statements": 8, "percent_covered": 100.0, "percent_covered_display": "100", "missing_lines": 0, "excluded_lines": 2, "percent_statements_covered": 100.0, "percent_statements_covered_display": "100"}, "missing_lines": [], "excluded_lines": [7, 8], "start_line": 1}}}, "app/services/version_history_service.py": {"executed_lines": [3, 5, 6, 7, 9, 10, 11, 17, 21, 29, 30, 31, 34, 42, 44, 45, 47, 56, 57, 58, 65, 76, 78, 90, 99, 101, 102, 103, 104, 106, 107, 109, 110, 111, 112, 113, 114, 115, 116, 118, 119, 126, 128, 130, 131, 132, 134, 139, 140, 141, 142], "summary": {"covered_lines": 51, "num_statements": 60, "percent_covered": 85.0, "percent_covered_display": "85", "missing_lines": 9, "excluded_lines": 2, "percent_statements_covered": 85.0, "percent_statements_covered_display": "85"}, "missing_lines": [18, 84, 85, 86, 87, 88, 133, 143, 144], "excluded_lines": [13, 14], "functions": {"_utc_now": {"executed_lines": [], "summary": {"covered_lines": 0, "num_statements": 1, "percent_covered": 0.0, "percent_covered_display": "0", "missing_lines": 1, "excluded_lines": 0, "percent_statements_covered": 0.0, "percent_statements_covered_display": "0"}, "missing_lines": [18], "excluded_lines": [], "start_line": 17}, "_sort_snapshots": {"executed_lines": [29, 30, 31], "summary": {"covered_lines": 3, "num_statements": 3, "percent_covered": 100.0, "percent_covered_display": "100", "missing_lines": 0, "excluded_lines": 0, "percent_statements_covered": 100.0, "percent_statements_covered_display": "100"}, "missing_lines": [], "excluded_lines": [], "start_line": 21}, "VersionHistoryService.__init__": {"executed_lines": [45], "summary": {"covered_lines": 1, "num_statements": 1, "percent_covered": 100.0, "percent_covered_display": "100", "missing_lines": 0, "excluded_lines": 0, "percent_statements_covered": 100.0, "percent_statements_covered_display": "100"}, "missing_lines": [], "excluded_lines": [], "start_line": 44}, "VersionHistoryService.create_snapshot": {"executed_lines": [56, 57, 58, 65, 76], "summary": {"covered_lines": 5, "num_statements": 5, "percent_covered": 100.0, "percent_covered_display": "100", "missing_lines": 0, "excluded_lines": 0, "percent_statements_covered": 100.0, "percent_statements_covered_display": "100"}, "missing_lines": [], "excluded_lines": [], "start_line": 47}, "VersionHistoryService.list_versions": {"executed_lines": [], "summary": {"covered_lines": 0, "num_statements": 5, "percent_covered": 0.0, "percent_covered_display": "0", "missing_lines": 5, "excluded_lines": 0, "percent_statements_covered": 0.0, "percent_statements_covered_display": "0"}, "missing_lines": [84, 85, 86, 87, 88], "excluded_lines": [], "start_line": 78}, "VersionHistoryService.list_version_previews": {"executed_lines": [99, 101, 102, 103, 104, 106, 107, 109, 110, 111, 112, 113, 114, 115, 116, 118, 119, 126], "summary": {"covered_lines": 18, "num_statements": 18, "percent_covered": 100.0, "percent_covered_display": "100", "missing_lines": 0, "excluded_lines": 0, "percent_statements_covered": 100.0, "percent_statements_covered_display": "100"}, "missing_lines": [], "excluded_lines": [], "start_line": 90}, "VersionHistoryService.get_snapshot": {"executed_lines": [130, 131, 132, 134], "summary": {"covered_lines": 4, "num_statements": 5, "percent_covered": 80.0, "percent_covered_display": "80", "missing_lines": 1, "excluded_lines": 0, "percent_statements_covered": 80.0, "percent_statements_covered_display": "80"}, "missing_lines": [133], "excluded_lines": [], "start_line": 128}, "VersionHistoryService._parse_id": {"executed_lines": [141, 142], "summary": {"covered_lines": 2, "num_statements": 4, "percent_covered": 50.0, "percent_covered_display": "50", "missing_lines": 2, "excluded_lines": 0, "percent_statements_covered": 50.0, "percent_statements_covered_display": "50"}, "missing_lines": [143, 144], "excluded_lines": [], "start_line": 140}, "": {"executed_lines": [3, 5, 6, 7, 9, 10, 11, 17, 21, 34, 42, 44, 47, 78, 90, 128, 139, 140], "summary": {"covered_lines": 18, "num_statements": 18, "percent_covered": 100.0, "percent_covered_display": "100", "missing_lines": 0, "excluded_lines": 2, "percent_statements_covered": 100.0, "percent_statements_covered_display": "100"}, "missing_lines": [], "excluded_lines": [13, 14], "start_line": 1}}, "classes": {"VersionHistoryService": {"executed_lines": [45, 56, 57, 58, 65, 76, 99, 101, 102, 103, 104, 106, 107, 109, 110, 111, 112, 113, 114, 115, 116, 118, 119, 126, 130, 131, 132, 134, 141, 142], "summary": {"covered_lines": 30, "num_statements": 38, "percent_covered": 78.94736842105263, "percent_covered_display": "79", "missing_lines": 8, "excluded_lines": 0, "percent_statements_covered": 78.94736842105263, "percent_statements_covered_display": "79"}, "missing_lines": [84, 85, 86, 87, 88, 133, 143, 144], "excluded_lines": [], "start_line": 34}, "": {"executed_lines": [3, 5, 6, 7, 9, 10, 11, 17, 21, 29, 30, 31, 34, 42, 44, 47, 78, 90, 128, 139, 140], "summary": {"covered_lines": 21, "num_statements": 22, "percent_covered": 95.45454545454545, "percent_covered_display": "95", "missing_lines": 1, "excluded_lines": 2, "percent_statements_covered": 95.45454545454545, "percent_statements_covered_display": "95"}, "missing_lines": [18], "excluded_lines": [13, 14], "start_line": 1}}}}, "totals": {"covered_lines": 471, "num_statements": 533, "percent_covered": 88.36772983114446, "percent_covered_display": "88", "missing_lines": 62, "excluded_lines": 7, "percent_statements_covered": 88.36772983114446, "percent_statements_covered_display": "88"}}